1486621969.138234 client started (71481): socket /private/tmp/tmux-501/default, protocol 8
1486621969.138267 on Darwin 16.4.0 Darwin Kernel Version 16.4.0: Thu Dec 22 22:53:21 PST 2016; root:xnu-3789.41.3~3/RELEASE_X86_64; libevent 2.1.8-stable (select)
1486621969.138301 socket is /private/tmp/tmux-501/default
1486621969.138317 trying connect
1486621969.138389 add peer 0x7faa6a001000: 6 (0x0)
1486621969.139300 sending message 100 to peer 0x7faa6a001000 (4 bytes)
1486621969.139326 sending message 101 to peer 0x7faa6a001000 (16 bytes)
1486621969.139330 sending message 102 to peer 0x7faa6a001000 (13 bytes)
1486621969.139333 sending message 108 to peer 0x7faa6a001000 (28 bytes)
1486621969.139342 sending message 104 to peer 0x7faa6a001000 (0 bytes)
1486621969.139346 sending message 107 to peer 0x7faa6a001000 (4 bytes)
1486621969.139349 sending message 105 to peer 0x7faa6a001000 (76 bytes)
1486621969.139352 sending message 105 to peer 0x7faa6a001000 (75 bytes)
1486621969.139355 sending message 105 to peer 0x7faa6a001000 (27 bytes)
1486621969.139358 sending message 105 to peer 0x7faa6a001000 (20 bytes)
1486621969.139360 sending message 105 to peer 0x7faa6a001000 (67 bytes)
1486621969.139363 sending message 105 to peer 0x7faa6a001000 (17 bytes)
1486621969.139366 sending message 105 to peer 0x7faa6a001000 (16 bytes)
1486621969.139369 sending message 105 to peer 0x7faa6a001000 (35 bytes)
1486621969.139372 sending message 105 to peer 0x7faa6a001000 (63 bytes)
1486621969.139375 sending message 105 to peer 0x7faa6a001000 (32 bytes)
1486621969.139378 sending message 105 to peer 0x7faa6a001000 (25 bytes)
1486621969.139381 sending message 105 to peer 0x7faa6a001000 (8 bytes)
1486621969.139384 sending message 105 to peer 0x7faa6a001000 (66 bytes)
1486621969.139387 sending message 105 to peer 0x7faa6a001000 (21 bytes)
1486621969.139389 sending message 105 to peer 0x7faa6a001000 (28 bytes)
1486621969.139392 sending message 105 to peer 0x7faa6a001000 (25 bytes)
1486621969.139395 sending message 105 to peer 0x7faa6a001000 (53 bytes)
1486621969.139398 sending message 105 to peer 0x7faa6a001000 (57 bytes)
1486621969.139401 sending message 105 to peer 0x7faa6a001000 (43 bytes)
1486621969.139404 sending message 105 to peer 0x7faa6a001000 (14 bytes)
1486621969.139407 sending message 105 to peer 0x7faa6a001000 (13 bytes)
1486621969.139409 sending message 105 to peer 0x7faa6a001000 (14 bytes)
1486621969.139412 sending message 105 to peer 0x7faa6a001000 (19 bytes)
1486621969.139415 sending message 105 to peer 0x7faa6a001000 (38 bytes)
1486621969.139418 sending message 105 to peer 0x7faa6a001000 (84 bytes)
1486621969.139421 sending message 105 to peer 0x7faa6a001000 (68 bytes)
1486621969.139424 sending message 105 to peer 0x7faa6a001000 (29 bytes)
1486621969.139427 sending message 105 to peer 0x7faa6a001000 (22 bytes)
1486621969.139430 sending message 105 to peer 0x7faa6a001000 (17 bytes)
1486621969.139432 sending message 105 to peer 0x7faa6a001000 (15 bytes)
1486621969.139435 sending message 106 to peer 0x7faa6a001000 (0 bytes)
1486621969.139441 sending message 200 to peer 0x7faa6a001000 (4 bytes)
1486621969.139444 client loop enter
1486621969.140456 peer 0x7faa6a001000 message 211
1486621969.140479 peer 0x7faa6a001000 message 203
1486621969.140484 client loop exit
